<html>
<head>
<title>TestNG:  Default test</title>
<link href="../testng.css" rel="stylesheet" type="text/css" />
<link href="../my-testng.css" rel="stylesheet" type="text/css" />

<style type="text/css">
.log { display: none;} 
.stack-trace { display: none;} 
</style>
<script type="text/javascript">
<!--
function flip(e) {
  current = e.style.display;
  if (current == 'block') {
    e.style.display = 'none';
    return 0;
  }
  else {
    e.style.display = 'block';
    return 1;
  }
}

function toggleBox(szDivId, elem, msg1, msg2)
{
  var res = -1;  if (document.getElementById) {
    res = flip(document.getElementById(szDivId));
  }
  else if (document.all) {
    // this is the way old msie versions work
    res = flip(document.all[szDivId]);
  }
  if(elem) {
    if(res == 0) elem.innerHTML = msg1; else elem.innerHTML = msg2;
  }

}

function toggleAllBoxes() {
  if (document.getElementsByTagName) {
    d = document.getElementsByTagName('div');
    for (i = 0; i < d.length; i++) {
      if (d[i].className == 'log') {
        flip(d[i]);
      }
    }
  }
}

// -->
</script>

</head>
<body>
<h2 align='center'>Default test</h2><table border='1' align="center">
<tr>
<td>Tests passed/Failed/Skipped:</td><td>10/1/0</td>
</tr><tr>
<td>Started on:</td><td>Mon Dec 05 13:05:52 ART 2016</td>
</tr>
<tr><td>Total time:</td><td>368 seconds (368859 ms)</td>
</tr><tr>
<td>Included groups:</td><td></td>
</tr><tr>
<td>Excluded groups:</td><td></td>
</tr>
</table><p/>
<small><i>(Hover the method name to see the test class name)</i></small><p/>
<table width='100%' border='1' class='invocation-failed'>
<tr><td colspan='4' align='center'><b>FAILED TESTS</b></td></tr>
<tr><td><b>Test method</b></td>
<td width="30%"><b>Exception</b></td>
<td width="10%"><b>Time (seconds)</b></td>
<td><b>Instance</b></td>
</tr>
<tr>
<td title='com.howtotestngdo.test.FirstTest.testNavMenu()'><b>testNavMenu</b><br>Test class: com.howtotestngdo.test.FirstTest<br>Test method: Lamps Plus site - Main Navigation menu</td>
<td><div><pre>java.lang.AssertionError: The following asserts failed:
	expected [Chandeliers] but found [Chandelier]
	at org.testng.asserts.SoftAssert.assertAll(SoftAssert.java:43)
	at com.howtotestngdo.test.FirstTest.testNavMenu(FirstTest.java:122)
	at sun.reflect.NativeMethodAccessorImpl.invoke0(Native Method)
	at sun.reflect.NativeMethodAccessorImpl.invoke(Unknown Source)
	at sun.reflect.DelegatingMethodAccessorImpl.invoke(Unknown Source)
	at java.lang.reflect.Method.invoke(Unknown Source)
	at org.testng.internal.MethodInvocationHelper.invokeMethod(MethodInvocationHelper.java:100)
	at org.testng.internal.Invoker.invokeMethod(Invoker.java:646)
	at org.testng.internal.Invoker.invokeTestMethod(Invoker.java:811)
	at org.testng.internal.Invoker.invokeTestMethods(Invoker.java:1137)
	at org.testng.internal.TestMethodWorker.invokeTestMethods(TestMethodWorker.java:129)
	at org.testng.internal.TestMethodWorker.run(TestMethodWorker.java:112)
	at org.testng.TestRunner.privateRun(TestRunner.java:753)
	at org.testng.TestRunner.run(TestRunner.java:607)
	at org.testng.SuiteRunner.runTest(SuiteRunner.java:368)
	at org.testng.SuiteRunner.runSequentially(SuiteRunner.java:363)
	at org.testng.SuiteRunner.privateRun(SuiteRunner.java:321)
	at org.testng.SuiteRunner.run(SuiteRunner.java:270)
	at org.testng.SuiteRunnerWorker.runSuite(SuiteRunnerWorker.java:52)
	at org.testng.SuiteRunnerWorker.run(SuiteRunnerWorker.java:86)
	at org.testng.TestNG.runSuitesSequentially(TestNG.java:1284)
	at org.testng.TestNG.runSuitesLocally(TestNG.java:1209)
	at org.testng.TestNG.runSuites(TestNG.java:1124)
	at org.testng.TestNG.run(TestNG.java:1096)
	at org.testng.remote.AbstractRemoteTestNG.run(AbstractRemoteTestNG.java:132)
	at org.testng.remote.RemoteTestNG.initAndRun(RemoteTestNG.java:236)
	at org.testng.remote.RemoteTestNG.main(RemoteTestNG.java:81)
</pre></div><a href='#' onClick='toggleBox("stack-trace1730337646", this, "Click to show all stack frames", "Click to hide stack frames")'>Click to show all stack frames</a>
<div class='stack-trace' id='stack-trace1730337646'><pre>java.lang.AssertionError: The following asserts failed:
	expected [Chandeliers] but found [Chandelier]
	at org.testng.asserts.SoftAssert.assertAll(SoftAssert.java:43)
	at com.howtotestngdo.test.FirstTest.testNavMenu(FirstTest.java:122)
	at sun.reflect.NativeMethodAccessorImpl.invoke0(Native Method)
	at sun.reflect.NativeMethodAccessorImpl.invoke(Unknown Source)
	at sun.reflect.DelegatingMethodAccessorImpl.invoke(Unknown Source)
	at java.lang.reflect.Method.invoke(Unknown Source)
	at org.testng.internal.MethodInvocationHelper.invokeMethod(MethodInvocationHelper.java:100)
	at org.testng.internal.Invoker.invokeMethod(Invoker.java:646)
	at org.testng.internal.Invoker.invokeTestMethod(Invoker.java:811)
	at org.testng.internal.Invoker.invokeTestMethods(Invoker.java:1137)
	at org.testng.internal.TestMethodWorker.invokeTestMethods(TestMethodWorker.java:129)
	at org.testng.internal.TestMethodWorker.run(TestMethodWorker.java:112)
	at org.testng.TestRunner.privateRun(TestRunner.java:753)
	at org.testng.TestRunner.run(TestRunner.java:607)
	at org.testng.SuiteRunner.runTest(SuiteRunner.java:368)
	at org.testng.SuiteRunner.runSequentially(SuiteRunner.java:363)
	at org.testng.SuiteRunner.privateRun(SuiteRunner.java:321)
	at org.testng.SuiteRunner.run(SuiteRunner.java:270)
	at org.testng.SuiteRunnerWorker.runSuite(SuiteRunnerWorker.java:52)
	at org.testng.SuiteRunnerWorker.run(SuiteRunnerWorker.java:86)
	at org.testng.TestNG.runSuitesSequentially(TestNG.java:1284)
	at org.testng.TestNG.runSuitesLocally(TestNG.java:1209)
	at org.testng.TestNG.runSuites(TestNG.java:1124)
	at org.testng.TestNG.run(TestNG.java:1096)
	at org.testng.remote.AbstractRemoteTestNG.run(AbstractRemoteTestNG.java:132)
	at org.testng.remote.RemoteTestNG.initAndRun(RemoteTestNG.java:236)
	at org.testng.remote.RemoteTestNG.main(RemoteTestNG.java:81)
</pre></div></td>
<td>1</td>
<td>com.howtotestngdo.test.FirstTest@27ce24aa</td></tr>
</table><p>
<table width='100%' border='1' class='invocation-passed'>
<tr><td colspan='4' align='center'><b>PASSED TESTS</b></td></tr>
<tr><td><b>Test method</b></td>
<td width="30%"><b>Exception</b></td>
<td width="10%"><b>Time (seconds)</b></td>
<td><b>Instance</b></td>
</tr>
<tr>
<td title='com.howtotestngdo.test.FirstTest.launchSite()'><b>launchSite</b><br>Test class: com.howtotestngdo.test.FirstTest<br>Test method: Lamps Plus site - Main page - Title</td>
<td></td>
<td>129</td>
<td>com.howtotestngdo.test.FirstTest@27ce24aa</td></tr>
<tr>
<td title='com.howtotestngdo.test.FirstTest.testChandeliersList()'><b>testChandeliersList</b><br>Test class: com.howtotestngdo.test.FirstTest<br>Test method: Lamps Plus site - Chandeliers - By Categories<br>Parameters: http://www.lampsplus.com/</td>
<td></td>
<td>36</td>
<td>com.howtotestngdo.test.FirstTest@27ce24aa</td></tr>
<tr>
<td title='com.howtotestngdo.test.FirstTest.testNavigationCeilingLights()'><b>testNavigationCeilingLights</b><br>Test class: com.howtotestngdo.test.FirstTest<br>Test method: Lamps Plus site - Navigation - Ceiling Lights</td>
<td></td>
<td>28</td>
<td>com.howtotestngdo.test.FirstTest@27ce24aa</td></tr>
<tr>
<td title='com.howtotestngdo.test.FirstTest.testNavigationChandeliers()'><b>testNavigationChandeliers</b><br>Test class: com.howtotestngdo.test.FirstTest<br>Test method: Lamps Plus site - Navigation - Chandeliers</td>
<td></td>
<td>4</td>
<td>com.howtotestngdo.test.FirstTest@27ce24aa</td></tr>
<tr>
<td title='com.howtotestngdo.test.FirstTest.testNavigationFans()'><b>testNavigationFans</b><br>Test class: com.howtotestngdo.test.FirstTest<br>Test method: Lamps Plus site - Navigation - Fans</td>
<td></td>
<td>8</td>
<td>com.howtotestngdo.test.FirstTest@27ce24aa</td></tr>
<tr>
<td title='com.howtotestngdo.test.FirstTest.testNavigationFurniture()'><b>testNavigationFurniture</b><br>Test class: com.howtotestngdo.test.FirstTest<br>Test method: Lamps Plus site - Navigation - Furniture</td>
<td></td>
<td>4</td>
<td>com.howtotestngdo.test.FirstTest@27ce24aa</td></tr>
<tr>
<td title='com.howtotestngdo.test.FirstTest.testNavigationHomeDecor()'><b>testNavigationHomeDecor</b><br>Test class: com.howtotestngdo.test.FirstTest<br>Test method: Lamps Plus site - Navigation - Home Decor</td>
<td></td>
<td>11</td>
<td>com.howtotestngdo.test.FirstTest@27ce24aa</td></tr>
<tr>
<td title='com.howtotestngdo.test.FirstTest.testNavigationLamps()'><b>testNavigationLamps</b><br>Test class: com.howtotestngdo.test.FirstTest<br>Test method: Lamps Plus site - Navigation - Lamps</td>
<td></td>
<td>64</td>
<td>com.howtotestngdo.test.FirstTest@27ce24aa</td></tr>
<tr>
<td title='com.howtotestngdo.test.FirstTest.testNavigationOutdoor()'><b>testNavigationOutdoor</b><br>Test class: com.howtotestngdo.test.FirstTest<br>Test method: Lamps Plus site - Navigation - Outdoor</td>
<td></td>
<td>5</td>
<td>com.howtotestngdo.test.FirstTest@27ce24aa</td></tr>
<tr>
<td title='com.howtotestngdo.test.FirstTest.testNavigationWallLights()'><b>testNavigationWallLights</b><br>Test class: com.howtotestngdo.test.FirstTest<br>Test method: Lamps Plus site - Navigation - Wall Lights</td>
<td></td>
<td>6</td>
<td>com.howtotestngdo.test.FirstTest@27ce24aa</td></tr>
</table><p>
</body>
</html>