<?xml version="1.0" encoding="UTF-8"?>
<!-- Generated by org.testng.reporters.JUnitXMLReporter -->
<testsuite hostname="hxnb-fcoronel" name="Lamp Plus - Navigation Bar" tests="11" failures="1" timestamp="5 Dec 2016 16:03:16 GMT" time="254.81" errors="0">
  <testcase name="launchSite" time="0.018" classname="com.howtotestngdo.test.FirstTest"/>
  <testcase name="testChandeliersList" time="4.521" classname="com.howtotestngdo.test.FirstTest"/>
  <testcase name="testNavMenu" time="0.458" classname="com.howtotestngdo.test.FirstTest">
    <failure type="java.lang.AssertionError" message="The following asserts failed:
null">
      <![CDATA[java.lang.AssertionError: The following asserts failed:
null
	at org.testng.asserts.SoftAssert.assertAll(SoftAssert.java:38)
	at com.howtotestngdo.test.FirstTest.testNavMenu(FirstTest.java:122)
	at sun.reflect.NativeMethodAccessorImpl.invoke0(Native Method)
	at sun.reflect.NativeMethodAccessorImpl.invoke(NativeMethodAccessorImpl.java:62)
	at sun.reflect.DelegatingMethodAccessorImpl.invoke(DelegatingMethodAccessorImpl.java:43)
	at java.lang.reflect.Method.invoke(Method.java:498)
	at org.testng.internal.MethodInvocationHelper.invokeMethod(MethodInvocationHelper.java:84)
	at org.testng.internal.Invoker.invokeMethod(Invoker.java:714)
	at org.testng.internal.Invoker.invokeTestMethod(Invoker.java:901)
	at org.testng.internal.Invoker.invokeTestMethods(Invoker.java:1231)
	at org.testng.internal.TestMethodWorker.invokeTestMethods(TestMethodWorker.java:127)
	at org.testng.internal.TestMethodWorker.run(TestMethodWorker.java:111)
	at org.testng.TestRunner.privateRun(TestRunner.java:767)
	at org.testng.TestRunner.run(TestRunner.java:617)
	at org.testng.SuiteRunner.runTest(SuiteRunner.java:348)
	at org.testng.SuiteRunner.runSequentially(SuiteRunner.java:343)
	at org.testng.SuiteRunner.privateRun(SuiteRunner.java:305)
	at org.testng.SuiteRunner.run(SuiteRunner.java:254)
	at org.testng.SuiteRunnerWorker.runSuite(SuiteRunnerWorker.java:52)
	at org.testng.SuiteRunnerWorker.run(SuiteRunnerWorker.java:86)
	at org.testng.TestNG.runSuitesSequentially(TestNG.java:1224)
	at org.testng.TestNG.runSuitesLocally(TestNG.java:1149)
	at org.testng.TestNG.run(TestNG.java:1057)
	at org.testng.TestNG.privateMain(TestNG.java:1364)
	at org.testng.TestNG.main(TestNG.java:1333)
]]>
    </failure>
  </testcase> <!-- testNavMenu -->
  <testcase name="testNavigationCeilingLights" time="3.355" classname="com.howtotestngdo.test.FirstTest"/>
  <testcase name="testNavigationChandeliers" time="3.363" classname="com.howtotestngdo.test.FirstTest"/>
  <testcase name="testNavigationFans" time="2.751" classname="com.howtotestngdo.test.FirstTest"/>
  <testcase name="testNavigationFurniture" time="10.672" classname="com.howtotestngdo.test.FirstTest"/>
  <testcase name="testNavigationHomeDecor" time="13.247" classname="com.howtotestngdo.test.FirstTest"/>
  <testcase name="testNavigationLamps" time="3.828" classname="com.howtotestngdo.test.FirstTest"/>
  <testcase name="testNavigationOutdoor" time="189.015" classname="com.howtotestngdo.test.FirstTest"/>
  <testcase name="testNavigationWallLights" time="6.877" classname="com.howtotestngdo.test.FirstTest"/>
</testsuite> <!-- Lamp Plus - Navigation Bar -->
